<?xml version="1.0" encoding="utf-8"?>
<CoverageSession xmlns:xsd="http://www.w3.org/2001/XMLSchema" xmlns:xsi="http://www.w3.org/2001/XMLSchema-instance" Version="4.7.922.0">
  <Summary numSequencePoints="30" visitedSequencePoints="3" numBranchPoints="14" visitedBranchPoints="1" sequenceCoverage="10" branchCoverage="7.14" maxCyclomaticComplexity="7" minCyclomaticComplexity="1" maxCrapScore="56" minCrapScore="1" visitedClasses="1" numClasses="2" visitedMethods="1" numMethods="2" />
  <Modules>
    <Module skippedDueTo="Filter" hash="4B-9D-10-6C-0D-7A-6E-56-6E-7A-90-98-8E-08-96-3E-57-29-D7-4C">
      <ModulePath>C:\WINDOWS\Microsoft.Net\assembly\GAC_32\mscorlib\v4.0_4.0.0.0__b77a5c561934e089\mscorlib.dll</ModulePath>
      <ModuleTime>2019-04-09T03:53:16Z</ModuleTime>
      <ModuleName>mscorlib</ModuleName>
      <Classes />
    </Module>
    <Module hash="A4-64-E2-DE-E8-10-C8-FA-58-05-FE-30-D3-AF-2C-E1-09-10-74-D6">
      <Summary numSequencePoints="30" visitedSequencePoints="3" numBranchPoints="14" visitedBranchPoints="1" sequenceCoverage="10" branchCoverage="7.14" maxCyclomaticComplexity="7" minCyclomaticComplexity="1" maxCrapScore="56" minCrapScore="1" visitedClasses="1" numClasses="2" visitedMethods="1" numMethods="2" />
      <ModulePath>C:\Users\bobva\Documents\Visual Studio 2015\Projects\Avans-DH12\Avans-DH12-test\bin\Debug\Avans-DH12.exe</ModulePath>
      <ModuleTime>2019-06-12T20:51:51.5850635Z</ModuleTime>
      <ModuleName>Avans-DH12</ModuleName>
      <Files>
        <File uid="1" fullPath="C:\Users\bobva\documents\visual studio 2015\Projects\Avans-DH12\Avans-DH12\Program.cs" />
        <File uid="2" fullPath="C:\Users\bobva\documents\visual studio 2015\Projects\Avans-DH12\Avans-DH12\classes\DetermineShippingCosts.cs" />
      </Files>
      <Classes>
        <Class>
          <Summary numSequencePoints="0" visitedSequencePoints="0" numBranchPoints="0" visitedBranchPoints="0" sequenceCoverage="0" branchCoverage="0" maxCyclomaticComplexity="0" minCyclomaticComplexity="0" maxCrapScore="0" minCrapScore="0" visitedClasses="0" numClasses="0" visitedMethods="0" numMethods="0" />
          <FullName>&lt;Module&gt;</FullName>
          <Methods />
        </Class>
        <Class>
          <Summary numSequencePoints="3" visitedSequencePoints="3" numBranchPoints="1" visitedBranchPoints="1" sequenceCoverage="100" branchCoverage="100" maxCyclomaticComplexity="1" minCyclomaticComplexity="1" maxCrapScore="2" minCrapScore="1" visitedClasses="1" numClasses="1" visitedMethods="1" numMethods="1" />
          <FullName>Avans_DH12.Program</FullName>
          <Methods>
            <Method visited="true" cyclomaticComplexity="1" nPathComplexity="0" sequenceCoverage="100" branchCoverage="100" crapScore="1" isConstructor="false" isStatic="true" isGetter="false" isSetter="false">
              <Summary numSequencePoints="3" visitedSequencePoints="3" numBranchPoints="1" visitedBranchPoints="1" sequenceCoverage="100" branchCoverage="100" maxCyclomaticComplexity="1" minCyclomaticComplexity="1" maxCrapScore="1" minCrapScore="1" visitedClasses="0" numClasses="0" visitedMethods="1" numMethods="1" />
              <MetadataToken>100663297</MetadataToken>
              <Name>System.Void Avans_DH12.Program::Main(System.String[])</Name>
              <FileRef uid="1" />
              <SequencePoints>
                <SequencePoint vc="1" uspid="1" ordinal="0" offset="0" sl="12" sc="9" el="12" ec="10" bec="0" bev="0" fileid="1" />
                <SequencePoint vc="1" uspid="2" ordinal="1" offset="1" sl="13" sc="13" el="13" ec="46" bec="0" bev="0" fileid="1" />
                <SequencePoint vc="1" uspid="3" ordinal="2" offset="12" sl="14" sc="9" el="14" ec="10" bec="0" bev="0" fileid="1" />
              </SequencePoints>
              <BranchPoints />
              <MethodPoint xsi:type="SequencePoint" vc="1" uspid="1" ordinal="0" offset="0" sl="12" sc="9" el="12" ec="10" bec="0" bev="0" fileid="1" />
            </Method>
            <Method visited="false" cyclomaticComplexity="1" nPathComplexity="0" sequenceCoverage="0" branchCoverage="0" crapScore="2" isConstructor="true" isStatic="false" isGetter="false" isSetter="false">
              <Summary numSequencePoints="0" visitedSequencePoints="0" numBranchPoints="0" visitedBranchPoints="0" sequenceCoverage="0" branchCoverage="0" maxCyclomaticComplexity="1" minCyclomaticComplexity="1" maxCrapScore="2" minCrapScore="2" visitedClasses="0" numClasses="0" visitedMethods="0" numMethods="0" />
              <MetadataToken>100663298</MetadataToken>
              <Name>System.Void Avans_DH12.Program::.ctor()</Name>
              <SequencePoints />
              <BranchPoints />
              <MethodPoint vc="0" uspid="4" ordinal="0" offset="0" />
            </Method>
          </Methods>
        </Class>
        <Class>
          <Summary numSequencePoints="27" visitedSequencePoints="0" numBranchPoints="13" visitedBranchPoints="0" sequenceCoverage="0" branchCoverage="0" maxCyclomaticComplexity="7" minCyclomaticComplexity="1" maxCrapScore="56" minCrapScore="2" visitedClasses="0" numClasses="1" visitedMethods="0" numMethods="1" />
          <FullName>Avans_DH12.classes.DetermineShippingCosts</FullName>
          <Methods>
            <Method visited="false" cyclomaticComplexity="7" nPathComplexity="64" sequenceCoverage="0" branchCoverage="0" crapScore="56" isConstructor="false" isStatic="false" isGetter="false" isSetter="false">
              <Summary numSequencePoints="27" visitedSequencePoints="0" numBranchPoints="13" visitedBranchPoints="0" sequenceCoverage="0" branchCoverage="0" maxCyclomaticComplexity="7" minCyclomaticComplexity="7" maxCrapScore="56" minCrapScore="56" visitedClasses="0" numClasses="0" visitedMethods="0" numMethods="1" />
              <MetadataToken>100663299</MetadataToken>
              <Name>System.Double Avans_DH12.classes.DetermineShippingCosts::ShippingCosts(System.Boolean,System.String,System.Double)</Name>
              <FileRef uid="2" />
              <SequencePoints>
                <SequencePoint vc="0" uspid="5" ordinal="0" offset="0" sl="12" sc="9" el="12" ec="10" bec="0" bev="0" fileid="2" />
                <SequencePoint vc="0" uspid="6" ordinal="1" offset="1" sl="13" sc="13" el="13" ec="31" bec="0" bev="0" fileid="2" />
                <SequencePoint vc="0" uspid="7" ordinal="2" offset="11" sl="14" sc="13" el="14" ec="40" bec="2" bev="0" fileid="2" />
                <SequencePoint vc="0" uspid="8" ordinal="3" offset="19" sl="15" sc="13" el="15" ec="14" bec="0" bev="0" fileid="2" />
                <SequencePoint vc="0" uspid="9" ordinal="4" offset="20" sl="16" sc="17" el="16" ec="39" bec="2" bev="0" fileid="2" />
                <SequencePoint vc="0" uspid="10" ordinal="5" offset="36" sl="17" sc="17" el="17" ec="18" bec="0" bev="0" fileid="2" />
                <SequencePoint vc="0" uspid="11" ordinal="6" offset="37" sl="18" sc="21" el="18" ec="32" bec="0" bev="0" fileid="2" />
                <SequencePoint vc="0" uspid="12" ordinal="7" offset="47" sl="19" sc="17" el="19" ec="18" bec="0" bev="0" fileid="2" />
                <SequencePoint vc="0" uspid="13" ordinal="8" offset="50" sl="21" sc="17" el="21" ec="18" bec="0" bev="0" fileid="2" />
                <SequencePoint vc="0" uspid="14" ordinal="9" offset="51" sl="22" sc="21" el="22" ec="49" bec="8" bev="0" fileid="2" />
                <SequencePoint vc="0" uspid="15" ordinal="10" offset="107" sl="25" sc="29" el="25" ec="42" bec="0" bev="0" fileid="2" />
                <SequencePoint vc="0" uspid="16" ordinal="11" offset="117" sl="26" sc="29" el="26" ec="35" bec="0" bev="0" fileid="2" />
                <SequencePoint vc="0" uspid="17" ordinal="12" offset="119" sl="28" sc="29" el="28" ec="41" bec="0" bev="0" fileid="2" />
                <SequencePoint vc="0" uspid="18" ordinal="13" offset="129" sl="29" sc="29" el="29" ec="35" bec="0" bev="0" fileid="2" />
                <SequencePoint vc="0" uspid="19" ordinal="14" offset="131" sl="31" sc="29" el="31" ec="42" bec="0" bev="0" fileid="2" />
                <SequencePoint vc="0" uspid="20" ordinal="15" offset="141" sl="32" sc="29" el="32" ec="35" bec="0" bev="0" fileid="2" />
                <SequencePoint vc="0" uspid="21" ordinal="16" offset="143" sl="34" sc="29" el="34" ec="42" bec="0" bev="0" fileid="2" />
                <SequencePoint vc="0" uspid="22" ordinal="17" offset="153" sl="35" sc="29" el="35" ec="35" bec="0" bev="0" fileid="2" />
                <SequencePoint vc="0" uspid="23" ordinal="18" offset="155" sl="37" sc="29" el="37" ec="40" bec="0" bev="0" fileid="2" />
                <SequencePoint vc="0" uspid="24" ordinal="19" offset="165" sl="38" sc="29" el="38" ec="35" bec="0" bev="0" fileid="2" />
                <SequencePoint vc="0" uspid="25" ordinal="20" offset="167" sl="40" sc="17" el="40" ec="18" bec="0" bev="0" fileid="2" />
                <SequencePoint vc="0" uspid="26" ordinal="21" offset="168" sl="41" sc="13" el="41" ec="14" bec="0" bev="0" fileid="2" />
                <SequencePoint vc="0" uspid="27" ordinal="22" offset="171" sl="43" sc="13" el="43" ec="14" bec="0" bev="0" fileid="2" />
                <SequencePoint vc="0" uspid="28" ordinal="23" offset="172" sl="44" sc="17" el="44" ec="28" bec="0" bev="0" fileid="2" />
                <SequencePoint vc="0" uspid="29" ordinal="24" offset="182" sl="45" sc="13" el="45" ec="14" bec="0" bev="0" fileid="2" />
                <SequencePoint vc="0" uspid="30" ordinal="25" offset="183" sl="46" sc="13" el="46" ec="27" bec="0" bev="0" fileid="2" />
                <SequencePoint vc="0" uspid="31" ordinal="26" offset="188" sl="47" sc="9" el="47" ec="10" bec="0" bev="0" fileid="2" />
              </SequencePoints>
              <BranchPoints>
                <BranchPoint vc="0" uspid="32" ordinal="0" offset="14" sl="14" path="0" offsetend="19" fileid="2" />
                <BranchPoint vc="0" uspid="33" ordinal="1" offset="14" sl="14" path="1" offsetend="171" fileid="2" />
                <BranchPoint vc="0" uspid="34" ordinal="2" offset="34" sl="16" path="0" offsetend="36" fileid="2" />
                <BranchPoint vc="0" uspid="35" ordinal="3" offset="34" sl="16" path="1" offsetend="50" fileid="2" />
                <BranchPoint vc="0" uspid="36" ordinal="4" offset="64" sl="22" path="0" offsetend="66" fileid="2" />
                <BranchPoint vc="0" uspid="37" ordinal="5" offset="64" sl="22" path="1" offsetend="107" fileid="2" />
                <BranchPoint vc="0" uspid="38" ordinal="6" offset="77" sl="22" path="0" offsetend="79" fileid="2" />
                <BranchPoint vc="0" uspid="39" ordinal="7" offset="77" sl="22" path="1" offsetend="119" fileid="2" />
                <BranchPoint vc="0" uspid="40" ordinal="8" offset="90" sl="22" path="0" offsetend="92" fileid="2" />
                <BranchPoint vc="0" uspid="41" ordinal="9" offset="90" sl="22" path="1" offsetend="131" fileid="2" />
                <BranchPoint vc="0" uspid="42" ordinal="10" offset="103" sl="22" path="0" offsetchain="105" offsetend="155" fileid="2" />
                <BranchPoint vc="0" uspid="43" ordinal="11" offset="103" sl="22" path="1" offsetend="143" fileid="2" />
              </BranchPoints>
              <MethodPoint xsi:type="SequencePoint" vc="0" uspid="5" ordinal="0" offset="0" sl="12" sc="9" el="12" ec="10" bec="0" bev="0" fileid="2" />
            </Method>
            <Method visited="false" cyclomaticComplexity="1" nPathComplexity="0" sequenceCoverage="0" branchCoverage="0" crapScore="2" isConstructor="true" isStatic="false" isGetter="false" isSetter="false">
              <Summary numSequencePoints="0" visitedSequencePoints="0" numBranchPoints="0" visitedBranchPoints="0" sequenceCoverage="0" branchCoverage="0" maxCyclomaticComplexity="1" minCyclomaticComplexity="1" maxCrapScore="2" minCrapScore="2" visitedClasses="0" numClasses="0" visitedMethods="0" numMethods="0" />
              <MetadataToken>100663300</MetadataToken>
              <Name>System.Void Avans_DH12.classes.DetermineShippingCosts::.ctor()</Name>
              <SequencePoints />
              <BranchPoints />
              <MethodPoint vc="0" uspid="44" ordinal="0" offset="0" />
            </Method>
          </Methods>
        </Class>
      </Classes>
    </Module>
  </Modules>
</CoverageSession>